<?xml version="1.0" encoding="UTF-8"?>
<!-- Generated by org.testng.reporters.JUnitReportReporter -->
<testsuite hostname="DESKTOP-3S3P68U" failures="0" tests="1" name="testrunner.TestRunner" time="14.280" errors="0" timestamp="2023-10-31T10:19:00 IST" skipped="0">
  <testcase classname="testrunner.TestRunner" name="runScenario" time="14.280"/>
  <system-out/>
</testsuite> <!-- testrunner.TestRunner -->
